2021-04-20 00:26:55,563 - INFO - scraping.py - __main__ - _get_item_detail - カテゴリ:Amazonデバイス・アクセサリ > 商品名:Fire TV Stick - Alexa対応音声認識リモコン(第3世代)付属 | ストリーミングメディアプレーヤー > カラム:deliveryの取得に失敗しました。error:'bool' object has no attribute 'text'
2021-04-20 00:41:50,494 - INFO - scraping.py - __main__ - _get_item_detail - カテゴリ:Amazonデバイス・アクセサリ > 商品名:Fire TV Stick - Alexa対応音声認識リモコン(第3世代)付属 | ストリーミングメディアプレーヤー > カラム:deliveryの取得に失敗しました。error:'bool' object has no attribute 'text'
2021-04-20 00:51:08,020 - INFO - scraping.py - __main__ - _get_item_detail - カテゴリ:Amazonデバイス・アクセサリ > 商品名:Fire TV Stick - Alexa対応音声認識リモコン(第3世代)付属 | ストリーミングメディアプレーヤー > カラム:deliveryの取得に失敗しました。error:'bool' object has no attribute 'text'
2021-04-20 00:51:11,572 - INFO - scraping.py - __main__ - _get_item_detail - カテゴリ:Amazonデバイス・アクセサリ > 商品名:Fire TV Stick 4K - Alexa対応音声認識リモコン付属 | ストリーミングメディアプレーヤー > カラム:deliveryの取得に失敗しました。error:'bool' object has no attribute 'text'
2021-04-20 00:51:14,754 - INFO - scraping.py - __main__ - _get_item_detail - カテゴリ:Amazonデバイス・アクセサリ > 商品名:Amazon イーサネットアダプタ > カラム:deliveryの取得に失敗しました。error:'bool' object has no attribute 'text'
2021-04-20 00:51:18,249 - INFO - scraping.py - __main__ - _get_item_detail - カテゴリ:Amazonデバイス・アクセサリ > 商品名:【2020年発売 Fire TV Stick 第3世代用 】 延長保証プラン (2年) > カラム:deliveryの取得に失敗しました。error:'bool' object has no attribute 'text'
2021-04-20 00:51:26,637 - INFO - scraping.py - __main__ - _get_item_detail - カテゴリ:Amazonデバイス・アクセサリ > 商品名:Fire HD 10 タブレット ブラック (10インチHDディスプレイ) 64GB > カラム:priceの取得に失敗しました。error:'bool' object has no attribute 'text'
2021-04-20 00:51:26,692 - INFO - scraping.py - __main__ - _get_item_detail - カテゴリ:Amazonデバイス・アクセサリ > 商品名:Fire HD 10 タブレット ブラック (10インチHDディスプレイ) 64GB > カラム:deliveryの取得に失敗しました。error:'bool' object has no attribute 'text'
2021-04-20 00:51:29,834 - INFO - scraping.py - __main__ - _get_item_detail - カテゴリ:Amazonデバイス・アクセサリ > 商品名:【Kindle Paperwhite (第10世代) 用 保護フィルム】 Digio2 液晶保護フィルム フッ素コーティン… > カラム:deliveryの取得に失敗しました。error:'bool' object has no attribute 'text'
2021-04-20 00:51:29,841 - INFO - scraping.py - __main__ - _get_item_detail - カテゴリ:Amazonデバイス・アクセサリ > 商品名:【Kindle Paperwhite (第10世代) 用 保護フィルム】 Digio2 液晶保護フィルム フッ素コーティン… > カラム:deliveryの取得に失敗しました。error:'bool' object has no attribute 'text'
2021-04-20 00:51:33,039 - INFO - scraping.py - __main__ - _get_item_detail - カテゴリ:Amazonデバイス・アクセサリ > 商品名:Alexa対応音声認識リモコン(2021年発売 第3世代) | 対応する別売りのFire TV本体が必要です > カラム:deliveryの取得に失敗しました。error:'bool' object has no attribute 'text'
2021-04-20 00:51:36,397 - INFO - scraping.py - __main__ - _get_item_detail - カテゴリ:Amazonデバイス・アクセサリ > 商品名:Fire TV Stick - Alexa対応音声認識リモコン付属 | ストリーミングメディアプレーヤー > カラム:priceの取得に失敗しました。error:'bool' object has no attribute 'text'
2021-04-20 00:51:36,437 - INFO - scraping.py - __main__ - _get_item_detail - カテゴリ:Amazonデバイス・アクセサリ > 商品名:Fire TV Stick - Alexa対応音声認識リモコン付属 | ストリーミングメディアプレーヤー > カラム:deliveryの取得に失敗しました。error:'bool' object has no attribute 'text'
2021-04-20 00:51:36,446 - INFO - scraping.py - __main__ - _get_item_detail - カテゴリ:Amazonデバイス・アクセサリ > 商品名:Fire TV Stick - Alexa対応音声認識リモコン付属 | ストリーミングメディアプレーヤー > カラム:deliveryの取得に失敗しました。error:'bool' object has no attribute 'text'
2021-04-20 00:51:39,508 - INFO - scraping.py - __main__ - _get_item_detail - カテゴリ:Amazonデバイス・アクセサリ > 商品名:【Fire HD 8, Fire HD 8 Plus用】 Digio2 液晶保護フィルム 高精細 反射防止 気泡レス加工 2枚入り > カラム:deliveryの取得に失敗しました。error:'bool' object has no attribute 'text'
2021-04-20 00:51:43,345 - INFO - scraping.py - __main__ - _get_item_detail - カテゴリ:Amazonデバイス・アクセサリ > 商品名:Fire HD 8 タブレット ブラック (8インチHDディスプレイ) 32GB > カラム:deliveryの取得に失敗しました。error:'bool' object has no attribute 'text'
2021-04-20 00:51:47,158 - INFO - scraping.py - __main__ - _get_item_detail - カテゴリ:Amazonデバイス・アクセサリ > 商品名:Fire 7 タブレット (7インチディスプレイ) 16GB > カラム:deliveryの取得に失敗しました。error:'bool' object has no attribute 'text'
2021-04-20 00:51:50,921 - INFO - scraping.py - __main__ - _get_item_detail - カテゴリ:Amazonデバイス・アクセサリ > 商品名:Alexa対応音声認識リモコン(第2世代) Fire TV Stick 4K、Fire TV Stick (第3世代)、Fire TV… > カラム:deliveryの取得に失敗しました。error:'bool' object has no attribute 'text'
2021-04-20 00:51:50,933 - INFO - scraping.py - __main__ - _get_item_detail - カテゴリ:Amazonデバイス・アクセサリ > 商品名:Alexa対応音声認識リモコン(第2世代) Fire TV Stick 4K、Fire TV Stick (第3世代)、Fire TV… > カラム:deliveryの取得に失敗しました。error:'bool' object has no attribute 'text'
2021-04-20 00:51:54,741 - INFO - scraping.py - __main__ - _get_item_detail - カテゴリ:Amazonデバイス・アクセサリ > 商品名:Kindle Paperwhite 防水機能搭載 wifi 8GB ブラック 電子書籍リーダー > カラム:deliveryの取得に失敗しました。error:'bool' object has no attribute 'text'
2021-04-20 00:51:58,787 - INFO - scraping.py - __main__ - _get_item_detail - カテゴリ:Amazonデバイス・アクセサリ > 商品名:Echo Dot (エコードット) 第4世代 - 時計付きスマートスピーカー with Alexa、グレーシャーホワ… > カラム:deliveryの取得に失敗しました。error:'bool' object has no attribute 'text'
2021-04-20 00:52:02,374 - INFO - scraping.py - __main__ - _get_item_detail - カテゴリ:Amazonデバイス・アクセサリ > 商品名:Echo Dot (エコードット) 第4世代 - 時計付きスマートスピーカー with Alexa、トワイライトブルー > カラム:deliveryの取得に失敗しました。error:'bool' object has no attribute 'text'
2021-04-20 00:52:07,219 - INFO - scraping.py - __main__ - _get_item_detail - カテゴリ:Amazonデバイス・アクセサリ > 商品名:Echo Show 5 (エコーショー5) スマートディスプレイ with Alexa、チャコール > カラム:deliveryの取得に失敗しました。error:'bool' object has no attribute 'text'
2021-04-20 00:52:10,533 - INFO - scraping.py - __main__ - _get_item_detail - カテゴリ:Amazonデバイス・アクセサリ > 商品名:Fire HD 10 タブレット ホワイト (10インチHDディスプレイ) 64GB > カラム:priceの取得に失敗しました。error:'bool' object has no attribute 'text'
2021-04-20 00:52:10,620 - INFO - scraping.py - __main__ - _get_item_detail - カテゴリ:Amazonデバイス・アクセサリ > 商品名:Fire HD 10 タブレット ホワイト (10インチHDディスプレイ) 64GB > カラム:deliveryの取得に失敗しました。error:'bool' object has no attribute 'text'
2021-04-20 00:52:13,490 - INFO - scraping.py - __main__ - _get_item_detail - カテゴリ:Amazonデバイス・アクセサリ > 商品名:Alexa対応音声認識リモコン(第1世代) Fire TV全機種に対応 > カラム:deliveryの取得に失敗しました。error:'bool' object has no attribute 'text'
2021-04-20 00:52:17,375 - INFO - scraping.py - __main__ - _get_item_detail - カテゴリ:Amazonデバイス・アクセサリ > 商品名:Kindle Paperwhite 防水機能搭載 wifi 32GB ブラック 電子書籍リーダー > カラム:deliveryの取得に失敗しました。error:'bool' object has no attribute 'text'
2021-04-20 00:52:21,150 - INFO - scraping.py - __main__ - _get_item_detail - カテゴリ:Amazonデバイス・アクセサリ > 商品名:Echo Dot (エコードット) 第4世代 - スマートスピーカー with Alexa、チャコール > カラム:deliveryの取得に失敗しました。error:'bool' object has no attribute 'text'
2021-04-20 00:52:24,882 - INFO - scraping.py - __main__ - _get_item_detail - カテゴリ:Amazonデバイス・アクセサリ > 商品名:Amazon Kindle Paperwhite (第10世代) 用 ファブリックカバー チャコールブラック > カラム:deliveryの取得に失敗しました。error:'bool' object has no attribute 'text'
2021-04-20 00:52:28,466 - INFO - scraping.py - __main__ - _get_item_detail - カテゴリ:Amazonデバイス・アクセサリ > 商品名:Echo Show 5 (エコーショー5) スマートディスプレイ with Alexa、サンドストーン > カラム:deliveryの取得に失敗しました。error:'bool' object has no attribute 'text'
2021-04-20 00:52:31,866 - INFO - scraping.py - __main__ - _get_item_detail - カテゴリ:Amazonデバイス・アクセサリ > 商品名:Kindle Paperwhite (第10世代)用 延長保証・事故保証プラン (2年・落下・水濡れ等の保証付き) > カラム:deliveryの取得に失敗しました。error:'bool' object has no attribute 'text'
2021-04-20 00:52:34,939 - INFO - scraping.py - __main__ - _get_item_detail - カテゴリ:Amazonデバイス・アクセサリ > 商品名:Fire TV Stick 4K用 延長保証プラン (2年) > カラム:deliveryの取得に失敗しました。error:'bool' object has no attribute 'text'
2021-04-20 00:52:38,857 - INFO - scraping.py - __main__ - _get_item_detail - カテゴリ:Amazonデバイス・アクセサリ > 商品名:Echo Dot (エコードット)第3世代 - スマートスピーカー with Alexa、チャコール > カラム:deliveryの取得に失敗しました。error:'bool' object has no attribute 'text'
2021-04-20 00:52:42,236 - INFO - scraping.py - __main__ - _get_item_detail - カテゴリ:Amazonデバイス・アクセサリ > 商品名:Fire TV Stick 4K用 延長保証プラン (3年) > カラム:deliveryの取得に失敗しました。error:'bool' object has no attribute 'text'
2021-04-20 00:52:45,487 - INFO - scraping.py - __main__ - _get_item_detail - カテゴリ:Amazonデバイス・アクセサリ > 商品名:【Fire HD 10 2019年発売 第9世代用】 延長保証・事故保証プラン (2年・落下・水濡れ等の保… > カラム:deliveryの取得に失敗しました。error:'bool' object has no attribute 'text'
2021-04-20 00:52:48,997 - INFO - scraping.py - __main__ - _get_item_detail - カテゴリ:Amazonデバイス・アクセサリ > 商品名:Fire HD 10 タブレット ブルー (10インチHDディスプレイ) 64GB > カラム:priceの取得に失敗しました。error:'bool' object has no attribute 'text'
2021-04-20 00:52:49,056 - INFO - scraping.py - __main__ - _get_item_detail - カテゴリ:Amazonデバイス・アクセサリ > 商品名:Fire HD 10 タブレット ブルー (10インチHDディスプレイ) 64GB > カラム:deliveryの取得に失敗しました。error:'bool' object has no attribute 'text'
2021-04-20 00:52:52,773 - INFO - scraping.py - __main__ - _get_item_detail - カテゴリ:Amazonデバイス・アクセサリ > 商品名:Fire HD 8 タブレット ホワイト (8インチHDディスプレイ) 32GB > カラム:deliveryの取得に失敗しました。error:'bool' object has no attribute 'text'
2021-04-20 00:52:56,293 - INFO - scraping.py - __main__ - _get_item_detail - カテゴリ:Amazonデバイス・アクセサリ > 商品名:Kindle Oasis 色調調節ライト搭載 wifi 32GB 電子書籍リーダー > カラム:deliveryの取得に失敗しました。error:'bool' object has no attribute 'text'
2021-04-20 00:53:00,049 - INFO - scraping.py - __main__ - _get_item_detail - カテゴリ:Amazonデバイス・アクセサリ > 商品名:【Fire HD 8, Fire HD 8 Plus用】 Amazon純正 カバー (2020年発売 第10世代) チャコールブラック > カラム:deliveryの取得に失敗しました。error:'bool' object has no attribute 'text'
2021-04-20 00:53:03,813 - INFO - scraping.py - __main__ - _get_item_detail - カテゴリ:Amazonデバイス・アクセサリ > 商品名:【新型】Echo Dot (エコードット) 第4世代 - スマートスピーカー with Alexa、グレーシャーホワ… > カラム:deliveryの取得に失敗しました。error:'bool' object has no attribute 'text'
2021-04-20 00:53:07,693 - INFO - scraping.py - __main__ - _get_item_detail - カテゴリ:Amazonデバイス・アクセサリ > 商品名:【新型】Echo Show 10 (エコーショー10) 第3世代 - モーション機能付きスマートディスプレイ… > カラム:deliveryの取得に失敗しました。error:'bool' object has no attribute 'text'
2021-04-20 00:53:11,208 - INFO - scraping.py - __main__ - _get_item_detail - カテゴリ:Amazonデバイス・アクセサリ > 商品名:Fire HD 8 Plus タブレット スレート (8インチHDディスプレイ) 32GB > カラム:deliveryの取得に失敗しました。error:'bool' object has no attribute 'text'
2021-04-20 00:53:15,024 - INFO - scraping.py - __main__ - _get_item_detail - カテゴリ:Amazonデバイス・アクセサリ > 商品名:Kindle Paperwhite 防水機能搭載 wifi 8GB ブラック 広告つき 電子書籍リーダー > カラム:deliveryの取得に失敗しました。error:'bool' object has no attribute 'text'
2021-04-20 00:53:18,022 - INFO - scraping.py - __main__ - _get_item_detail - カテゴリ:Amazonデバイス・アクセサリ > 商品名:【Fire HD 8, Fire HD 8 Plus用】 延長保証・事故保証プラン (2年・落下・水濡れ等の保証付き) > カラム:deliveryの取得に失敗しました。error:'bool' object has no attribute 'text'
2021-04-20 00:53:22,256 - INFO - scraping.py - __main__ - _get_item_detail - カテゴリ:Amazonデバイス・アクセサリ > 商品名:Echo Show 8 (エコーショー8) HDスマートディスプレイ with Alexa、チャコール > カラム:deliveryの取得に失敗しました。error:'bool' object has no attribute 'text'
2021-04-20 00:53:25,349 - INFO - scraping.py - __main__ - _get_item_detail - カテゴリ:Amazonデバイス・アクセサリ > 商品名:Fire TV Stick > カラム:priceの取得に失敗しました。error:'bool' object has no attribute 'text'
2021-04-20 00:53:25,398 - INFO - scraping.py - __main__ - _get_item_detail - カテゴリ:Amazonデバイス・アクセサリ > 商品名:Fire TV Stick > カラム:deliveryの取得に失敗しました。error:'bool' object has no attribute 'text'
2021-04-20 00:53:25,411 - INFO - scraping.py - __main__ - _get_item_detail - カテゴリ:Amazonデバイス・アクセサリ > 商品名:Fire TV Stick > カラム:deliveryの取得に失敗しました。error:'bool' object has no attribute 'text'
2021-04-20 00:53:28,860 - INFO - scraping.py - __main__ - _get_item_detail - カテゴリ:Amazonデバイス・アクセサリ > 商品名:Echo Auto - スマホとの組み合わせで車の中でもAlexaを > カラム:deliveryの取得に失敗しました。error:'bool' object has no attribute 'text'
2021-04-20 00:53:32,363 - INFO - scraping.py - __main__ - _get_item_detail - カテゴリ:Amazonデバイス・アクセサリ > 商品名:Fire HD 10 タブレット ブラック (10インチHDディスプレイ) 32GB > カラム:priceの取得に失敗しました。error:'bool' object has no attribute 'text'
2021-04-20 00:53:32,419 - INFO - scraping.py - __main__ - _get_item_detail - カテゴリ:Amazonデバイス・アクセサリ > 商品名:Fire HD 10 タブレット ブラック (10インチHDディスプレイ) 32GB > カラム:deliveryの取得に失敗しました。error:'bool' object has no attribute 'text'
2021-04-20 00:53:37,023 - INFO - scraping.py - __main__ - _get_item_detail - カテゴリ:Amazonデバイス・アクセサリ > 商品名:Fire HD 10 キッズモデル パープル (10 インチ HD ディスプレイ) 32GB + ドラえもんバッグ > カラム:deliveryの取得に失敗しました。error:'bool' object has no attribute 'text'
2021-04-20 00:53:39,794 - INFO - scraping.py - __main__ - _get_item_detail - カテゴリ:Amazonデバイス・アクセサリ > 商品名:【 Kindle Oasis (第9世代、第10世代)用】Digio2 液晶保護フィルム フッ素コーティング 反射防止… > カラム:deliveryの取得に失敗しました。error:'bool' object has no attribute 'text'
2021-04-20 00:53:42,932 - INFO - scraping.py - __main__ - _get_item_detail - カテゴリ:Amazonデバイス・アクセサリ > 商品名:【Echo Show 5 用】 Amazon純正 角度調節スタンド ブラック > カラム:deliveryの取得に失敗しました。error:'bool' object has no attribute 'text'
2021-04-20 00:53:46,689 - INFO - scraping.py - __main__ - _get_item_detail - カテゴリ:Amazonデバイス・アクセサリ > 商品名:【Echo Show 5 用】 Amazon純正 角度調節スタンド ホワイト > カラム:deliveryの取得に失敗しました。error:'bool' object has no attribute 'text'
2021-04-20 00:53:50,555 - INFO - scraping.py - __main__ - _get_item_detail - カテゴリ:Amazonデバイス・アクセサリ > 商品名:Fire HD 8 キッズモデル パープル 32GB + ドラえもんバッグ > カラム:deliveryの取得に失敗しました。error:'bool' object has no attribute 'text'
2021-04-20 00:53:53,690 - INFO - scraping.py - __main__ - _get_item_detail - カテゴリ:Amazonデバイス・アクセサリ > 商品名:Fire HD 10 タブレット ホワイト 64GB 【純正キッズカバー (ピンク) 付き】 > カラム:priceの取得に失敗しました。error:'bool' object has no attribute 'text'
2021-04-20 00:53:53,741 - INFO - scraping.py - __main__ - _get_item_detail - カテゴリ:Amazonデバイス・アクセサリ > 商品名:Fire HD 10 タブレット ホワイト 64GB 【純正キッズカバー (ピンク) 付き】 > カラム:deliveryの取得に失敗しました。error:'bool' object has no attribute 'text'
2021-04-20 00:53:57,758 - INFO - scraping.py - __main__ - _get_item_detail - カテゴリ:Amazonデバイス・アクセサリ > 商品名:【新型】Echo Show 10 (エコーショー10) 第3世代 - モーション機能付きスマートディスプレイ… > カラム:deliveryの取得に失敗しました。error:'bool' object has no attribute 'text'
2021-04-20 00:53:57,772 - INFO - scraping.py - __main__ - _get_item_detail - カテゴリ:Amazonデバイス・アクセサリ > 商品名:【新型】Echo Show 10 (エコーショー10) 第3世代 - モーション機能付きスマートディスプレイ… > カラム:deliveryの取得に失敗しました。error:'bool' object has no attribute 'text'
2021-04-20 00:54:00,874 - INFO - scraping.py - __main__ - _get_item_detail - カテゴリ:Amazonデバイス・アクセサリ > 商品名:【Echo Show 5 用】 Digio2 液晶保護フィルム 高精細 反射防止 気泡レス加工 2枚入り > カラム:deliveryの取得に失敗しました。error:'bool' object has no attribute 'text'
2021-04-20 00:54:04,715 - INFO - scraping.py - __main__ - _get_item_detail - カテゴリ:Amazonデバイス・アクセサリ > 商品名:Echo Show 8 (エコーショー8) HDスマートディスプレイ with Alexa、サンドストーン > カラム:deliveryの取得に失敗しました。error:'bool' object has no attribute 'text'
2021-04-20 01:17:01,760 - INFO - scraping.py - __main__ - _get_item_detail - カテゴリ:Amazonデバイス・アクセサリ > 商品名:Fire TV Stick - Alexa対応音声認識リモコン(第3世代)付属 | ストリーミングメディアプレーヤー > カラム:deliveryの取得に失敗しました。error:'bool' object has no attribute 'text'
2021-04-20 01:17:05,577 - INFO - scraping.py - __main__ - _get_item_detail - カテゴリ:Amazonデバイス・アクセサリ > 商品名:Fire TV Stick 4K - Alexa対応音声認識リモコン付属 | ストリーミングメディアプレーヤー > カラム:deliveryの取得に失敗しました。error:'bool' object has no attribute 'text'
2021-04-20 01:17:09,366 - INFO - scraping.py - __main__ - _get_item_detail - カテゴリ:Amazonデバイス・アクセサリ > 商品名:Amazon イーサネットアダプタ > カラム:deliveryの取得に失敗しました。error:'bool' object has no attribute 'text'
2021-04-20 01:17:12,402 - INFO - scraping.py - __main__ - _get_item_detail - カテゴリ:Amazonデバイス・アクセサリ > 商品名:【2020年発売 Fire TV Stick 第3世代用 】 延長保証プラン (2年) > カラム:deliveryの取得に失敗しました。error:'bool' object has no attribute 'text'
2021-04-20 01:17:19,703 - INFO - scraping.py - __main__ - _get_item_detail - カテゴリ:Amazonデバイス・アクセサリ > 商品名:Fire HD 10 タブレット ブラック (10インチHDディスプレイ) 64GB > カラム:priceの取得に失敗しました。error:'bool' object has no attribute 'text'
2021-04-20 01:17:19,772 - INFO - scraping.py - __main__ - _get_item_detail - カテゴリ:Amazonデバイス・アクセサリ > 商品名:Fire HD 10 タブレット ブラック (10インチHDディスプレイ) 64GB > カラム:deliveryの取得に失敗しました。error:'bool' object has no attribute 'text'
2021-04-20 01:17:23,258 - INFO - scraping.py - __main__ - _get_item_detail - カテゴリ:Amazonデバイス・アクセサリ > 商品名:【Kindle Paperwhite (第10世代) 用 保護フィルム】 Digio2 液晶保護フィルム フッ素コーティン… > カラム:deliveryの取得に失敗しました。error:'bool' object has no attribute 'text'
2021-04-20 01:17:23,267 - INFO - scraping.py - __main__ - _get_item_detail - カテゴリ:Amazonデバイス・アクセサリ > 商品名:【Kindle Paperwhite (第10世代) 用 保護フィルム】 Digio2 液晶保護フィルム フッ素コーティン… > カラム:deliveryの取得に失敗しました。error:'bool' object has no attribute 'text'
2021-04-20 01:17:27,848 - INFO - scraping.py - __main__ - _get_item_detail - カテゴリ:Amazonデバイス・アクセサリ > 商品名:Alexa対応音声認識リモコン(2021年発売 第3世代) | 対応する別売りのFire TV本体が必要です > カラム:deliveryの取得に失敗しました。error:'bool' object has no attribute 'text'
2021-04-20 01:17:30,957 - INFO - scraping.py - __main__ - _get_item_detail - カテゴリ:Amazonデバイス・アクセサリ > 商品名:Fire TV Stick - Alexa対応音声認識リモコン付属 | ストリーミングメディアプレーヤー > カラム:priceの取得に失敗しました。error:'bool' object has no attribute 'text'
2021-04-20 01:17:31,001 - INFO - scraping.py - __main__ - _get_item_detail - カテゴリ:Amazonデバイス・アクセサリ > 商品名:Fire TV Stick - Alexa対応音声認識リモコン付属 | ストリーミングメディアプレーヤー > カラム:deliveryの取得に失敗しました。error:'bool' object has no attribute 'text'
2021-04-20 01:17:31,009 - INFO - scraping.py - __main__ - _get_item_detail - カテゴリ:Amazonデバイス・アクセサリ > 商品名:Fire TV Stick - Alexa対応音声認識リモコン付属 | ストリーミングメディアプレーヤー > カラム:deliveryの取得に失敗しました。error:'bool' object has no attribute 'text'
2021-04-20 01:17:34,457 - INFO - scraping.py - __main__ - _get_item_detail - カテゴリ:Amazonデバイス・アクセサリ > 商品名:【Fire HD 8, Fire HD 8 Plus用】 Digio2 液晶保護フィルム 高精細 反射防止 気泡レス加工 2枚入り > カラム:deliveryの取得に失敗しました。error:'bool' object has no attribute 'text'
2021-04-20 01:17:38,618 - INFO - scraping.py - __main__ - _get_item_detail - カテゴリ:Amazonデバイス・アクセサリ > 商品名:Fire HD 8 タブレット ブラック (8インチHDディスプレイ) 32GB > カラム:deliveryの取得に失敗しました。error:'bool' object has no attribute 'text'
2021-04-20 01:17:42,468 - INFO - scraping.py - __main__ - _get_item_detail - カテゴリ:Amazonデバイス・アクセサリ > 商品名:Fire 7 タブレット (7インチディスプレイ) 16GB > カラム:deliveryの取得に失敗しました。error:'bool' object has no attribute 'text'
2021-04-20 01:17:45,902 - INFO - scraping.py - __main__ - _get_item_detail - カテゴリ:Amazonデバイス・アクセサリ > 商品名:Alexa対応音声認識リモコン(第2世代) Fire TV Stick 4K、Fire TV Stick (第3世代)、Fire TV… > カラム:deliveryの取得に失敗しました。error:'bool' object has no attribute 'text'
2021-04-20 01:17:45,909 - INFO - scraping.py - __main__ - _get_item_detail - カテゴリ:Amazonデバイス・アクセサリ > 商品名:Alexa対応音声認識リモコン(第2世代) Fire TV Stick 4K、Fire TV Stick (第3世代)、Fire TV… > カラム:deliveryの取得に失敗しました。error:'bool' object has no attribute 'text'
2021-04-20 01:17:50,385 - INFO - scraping.py - __main__ - _get_item_detail - カテゴリ:Amazonデバイス・アクセサリ > 商品名:Kindle Paperwhite 防水機能搭載 wifi 8GB ブラック 電子書籍リーダー > カラム:deliveryの取得に失敗しました。error:'bool' object has no attribute 'text'
2021-04-20 01:17:54,536 - INFO - scraping.py - __main__ - _get_item_detail - カテゴリ:Amazonデバイス・アクセサリ > 商品名:Echo Dot (エコードット) 第4世代 - 時計付きスマートスピーカー with Alexa、グレーシャーホワ… > カラム:deliveryの取得に失敗しました。error:'bool' object has no attribute 'text'
2021-04-20 01:17:58,384 - INFO - scraping.py - __main__ - _get_item_detail - カテゴリ:Amazonデバイス・アクセサリ > 商品名:Echo Dot (エコードット) 第4世代 - 時計付きスマートスピーカー with Alexa、トワイライトブルー > カラム:deliveryの取得に失敗しました。error:'bool' object has no attribute 'text'
2021-04-20 01:18:02,333 - INFO - scraping.py - __main__ - _get_item_detail - カテゴリ:Amazonデバイス・アクセサリ > 商品名:Echo Show 5 (エコーショー5) スマートディスプレイ with Alexa、チャコール > カラム:deliveryの取得に失敗しました。error:'bool' object has no attribute 'text'
2021-04-20 01:18:05,669 - INFO - scraping.py - __main__ - _get_item_detail - カテゴリ:Amazonデバイス・アクセサリ > 商品名:Fire HD 10 タブレット ホワイト (10インチHDディスプレイ) 64GB > カラム:priceの取得に失敗しました。error:'bool' object has no attribute 'text'
2021-04-20 01:18:05,729 - INFO - scraping.py - __main__ - _get_item_detail - カテゴリ:Amazonデバイス・アクセサリ > 商品名:Fire HD 10 タブレット ホワイト (10インチHDディスプレイ) 64GB > カラム:deliveryの取得に失敗しました。error:'bool' object has no attribute 'text'
2021-04-20 01:18:09,386 - INFO - scraping.py - __main__ - _get_item_detail - カテゴリ:Amazonデバイス・アクセサリ > 商品名:Alexa対応音声認識リモコン(第1世代) Fire TV全機種に対応 > カラム:deliveryの取得に失敗しました。error:'bool' object has no attribute 'text'
2021-04-20 01:18:13,414 - INFO - scraping.py - __main__ - _get_item_detail - カテゴリ:Amazonデバイス・アクセサリ > 商品名:Kindle Paperwhite 防水機能搭載 wifi 32GB ブラック 電子書籍リーダー > カラム:deliveryの取得に失敗しました。error:'bool' object has no attribute 'text'
2021-04-20 01:18:17,292 - INFO - scraping.py - __main__ - _get_item_detail - カテゴリ:Amazonデバイス・アクセサリ > 商品名:Echo Dot (エコードット) 第4世代 - スマートスピーカー with Alexa、チャコール > カラム:deliveryの取得に失敗しました。error:'bool' object has no attribute 'text'
2021-04-20 01:18:21,157 - INFO - scraping.py - __main__ - _get_item_detail - カテゴリ:Amazonデバイス・アクセサリ > 商品名:Amazon Kindle Paperwhite (第10世代) 用 ファブリックカバー チャコールブラック > カラム:deliveryの取得に失敗しました。error:'bool' object has no attribute 'text'
2021-04-20 01:18:24,997 - INFO - scraping.py - __main__ - _get_item_detail - カテゴリ:Amazonデバイス・アクセサリ > 商品名:Echo Show 5 (エコーショー5) スマートディスプレイ with Alexa、サンドストーン > カラム:deliveryの取得に失敗しました。error:'bool' object has no attribute 'text'
2021-04-20 01:18:29,040 - INFO - scraping.py - __main__ - _get_item_detail - カテゴリ:Amazonデバイス・アクセサリ > 商品名:Kindle Paperwhite (第10世代)用 延長保証・事故保証プラン (2年・落下・水濡れ等の保証付き) > カラム:deliveryの取得に失敗しました。error:'bool' object has no attribute 'text'
2021-04-20 01:18:31,992 - INFO - scraping.py - __main__ - _get_item_detail - カテゴリ:Amazonデバイス・アクセサリ > 商品名:Fire TV Stick 4K用 延長保証プラン (2年) > カラム:deliveryの取得に失敗しました。error:'bool' object has no attribute 'text'
2021-04-20 01:18:35,735 - INFO - scraping.py - __main__ - _get_item_detail - カテゴリ:Amazonデバイス・アクセサリ > 商品名:Echo Dot (エコードット)第3世代 - スマートスピーカー with Alexa、チャコール > カラム:deliveryの取得に失敗しました。error:'bool' object has no attribute 'text'
2021-04-20 01:18:39,319 - INFO - scraping.py - __main__ - _get_item_detail - カテゴリ:Amazonデバイス・アクセサリ > 商品名:Fire TV Stick 4K用 延長保証プラン (3年) > カラム:deliveryの取得に失敗しました。error:'bool' object has no attribute 'text'
2021-04-20 01:18:42,331 - INFO - scraping.py - __main__ - _get_item_detail - カテゴリ:Amazonデバイス・アクセサリ > 商品名:【Fire HD 10 2019年発売 第9世代用】 延長保証・事故保証プラン (2年・落下・水濡れ等の保… > カラム:deliveryの取得に失敗しました。error:'bool' object has no attribute 'text'
2021-04-20 01:18:45,695 - INFO - scraping.py - __main__ - _get_item_detail - カテゴリ:Amazonデバイス・アクセサリ > 商品名:Fire HD 10 タブレット ブルー (10インチHDディスプレイ) 64GB > カラム:priceの取得に失敗しました。error:'bool' object has no attribute 'text'
2021-04-20 01:18:45,805 - INFO - scraping.py - __main__ - _get_item_detail - カテゴリ:Amazonデバイス・アクセサリ > 商品名:Fire HD 10 タブレット ブルー (10インチHDディスプレイ) 64GB > カラム:deliveryの取得に失敗しました。error:'bool' object has no attribute 'text'
2021-04-20 01:18:50,025 - INFO - scraping.py - __main__ - _get_item_detail - カテゴリ:Amazonデバイス・アクセサリ > 商品名:Fire HD 8 タブレット ホワイト (8インチHDディスプレイ) 32GB > カラム:deliveryの取得に失敗しました。error:'bool' object has no attribute 'text'
2021-04-20 01:18:53,849 - INFO - scraping.py - __main__ - _get_item_detail - カテゴリ:Amazonデバイス・アクセサリ > 商品名:Kindle Oasis 色調調節ライト搭載 wifi 32GB 電子書籍リーダー > カラム:deliveryの取得に失敗しました。error:'bool' object has no attribute 'text'
2021-04-20 01:18:57,911 - INFO - scraping.py - __main__ - _get_item_detail - カテゴリ:Amazonデバイス・アクセサリ > 商品名:【Fire HD 8, Fire HD 8 Plus用】 Amazon純正 カバー (2020年発売 第10世代) チャコールブラック > カラム:deliveryの取得に失敗しました。error:'bool' object has no attribute 'text'
2021-04-20 01:19:01,817 - INFO - scraping.py - __main__ - _get_item_detail - カテゴリ:Amazonデバイス・アクセサリ > 商品名:【新型】Echo Dot (エコードット) 第4世代 - スマートスピーカー with Alexa、グレーシャーホワ… > カラム:deliveryの取得に失敗しました。error:'bool' object has no attribute 'text'
2021-04-20 01:19:05,598 - INFO - scraping.py - __main__ - _get_item_detail - カテゴリ:Amazonデバイス・アクセサリ > 商品名:【新型】Echo Show 10 (エコーショー10) 第3世代 - モーション機能付きスマートディスプレイ… > カラム:deliveryの取得に失敗しました。error:'bool' object has no attribute 'text'
2021-04-20 01:19:09,649 - INFO - scraping.py - __main__ - _get_item_detail - カテゴリ:Amazonデバイス・アクセサリ > 商品名:Fire HD 8 Plus タブレット スレート (8インチHDディスプレイ) 32GB > カラム:deliveryの取得に失敗しました。error:'bool' object has no attribute 'text'
2021-04-20 01:19:13,416 - INFO - scraping.py - __main__ - _get_item_detail - カテゴリ:Amazonデバイス・アクセサリ > 商品名:Kindle Paperwhite 防水機能搭載 wifi 8GB ブラック 広告つき 電子書籍リーダー > カラム:deliveryの取得に失敗しました。error:'bool' object has no attribute 'text'
2021-04-20 01:19:16,721 - INFO - scraping.py - __main__ - _get_item_detail - カテゴリ:Amazonデバイス・アクセサリ > 商品名:【Fire HD 8, Fire HD 8 Plus用】 延長保証・事故保証プラン (2年・落下・水濡れ等の保証付き) > カラム:deliveryの取得に失敗しました。error:'bool' object has no attribute 'text'
2021-04-20 01:19:21,129 - INFO - scraping.py - __main__ - _get_item_detail - カテゴリ:Amazonデバイス・アクセサリ > 商品名:Echo Show 8 (エコーショー8) HDスマートディスプレイ with Alexa、チャコール > カラム:deliveryの取得に失敗しました。error:'bool' object has no attribute 'text'
2021-04-20 01:19:24,302 - INFO - scraping.py - __main__ - _get_item_detail - カテゴリ:Amazonデバイス・アクセサリ > 商品名:Fire TV Stick > カラム:priceの取得に失敗しました。error:'bool' object has no attribute 'text'
2021-04-20 01:19:24,361 - INFO - scraping.py - __main__ - _get_item_detail - カテゴリ:Amazonデバイス・アクセサリ > 商品名:Fire TV Stick > カラム:deliveryの取得に失敗しました。error:'bool' object has no attribute 'text'
2021-04-20 01:19:24,370 - INFO - scraping.py - __main__ - _get_item_detail - カテゴリ:Amazonデバイス・アクセサリ > 商品名:Fire TV Stick > カラム:deliveryの取得に失敗しました。error:'bool' object has no attribute 'text'
2021-04-20 01:19:27,908 - INFO - scraping.py - __main__ - _get_item_detail - カテゴリ:Amazonデバイス・アクセサリ > 商品名:Echo Auto - スマホとの組み合わせで車の中でもAlexaを > カラム:deliveryの取得に失敗しました。error:'bool' object has no attribute 'text'
2021-04-20 01:19:31,290 - INFO - scraping.py - __main__ - _get_item_detail - カテゴリ:Amazonデバイス・アクセサリ > 商品名:Fire HD 10 タブレット ブラック (10インチHDディスプレイ) 32GB > カラム:priceの取得に失敗しました。error:'bool' object has no attribute 'text'
2021-04-20 01:19:31,373 - INFO - scraping.py - __main__ - _get_item_detail - カテゴリ:Amazonデバイス・アクセサリ > 商品名:Fire HD 10 タブレット ブラック (10インチHDディスプレイ) 32GB > カラム:deliveryの取得に失敗しました。error:'bool' object has no attribute 'text'
2021-04-20 01:19:35,301 - INFO - scraping.py - __main__ - _get_item_detail - カテゴリ:Amazonデバイス・アクセサリ > 商品名:Fire HD 10 キッズモデル パープル (10 インチ HD ディスプレイ) 32GB + ドラえもんバッグ > カラム:deliveryの取得に失敗しました。error:'bool' object has no attribute 'text'
2021-04-20 01:19:39,231 - INFO - scraping.py - __main__ - _get_item_detail - カテゴリ:Amazonデバイス・アクセサリ > 商品名:【 Kindle Oasis (第9世代、第10世代)用】Digio2 液晶保護フィルム フッ素コーティング 反射防止… > カラム:deliveryの取得に失敗しました。error:'bool' object has no attribute 'text'
2021-04-20 01:19:42,574 - INFO - scraping.py - __main__ - _get_item_detail - カテゴリ:Amazonデバイス・アクセサリ > 商品名:【Echo Show 5 用】 Amazon純正 角度調節スタンド ブラック > カラム:deliveryの取得に失敗しました。error:'bool' object has no attribute 'text'
2021-04-20 01:19:45,855 - INFO - scraping.py - __main__ - _get_item_detail - カテゴリ:Amazonデバイス・アクセサリ > 商品名:【Echo Show 5 用】 Amazon純正 角度調節スタンド ホワイト > カラム:deliveryの取得に失敗しました。error:'bool' object has no attribute 'text'
2021-04-20 01:19:50,526 - INFO - scraping.py - __main__ - _get_item_detail - カテゴリ:Amazonデバイス・アクセサリ > 商品名:Fire HD 8 キッズモデル パープル 32GB + ドラえもんバッグ > カラム:deliveryの取得に失敗しました。error:'bool' object has no attribute 'text'
2021-04-20 01:19:53,924 - INFO - scraping.py - __main__ - _get_item_detail - カテゴリ:Amazonデバイス・アクセサリ > 商品名:Fire HD 10 タブレット ホワイト 64GB 【純正キッズカバー (ピンク) 付き】 > カラム:priceの取得に失敗しました。error:'bool' object has no attribute 'text'
2021-04-20 01:19:53,996 - INFO - scraping.py - __main__ - _get_item_detail - カテゴリ:Amazonデバイス・アクセサリ > 商品名:Fire HD 10 タブレット ホワイト 64GB 【純正キッズカバー (ピンク) 付き】 > カラム:deliveryの取得に失敗しました。error:'bool' object has no attribute 'text'
2021-04-20 01:19:57,887 - INFO - scraping.py - __main__ - _get_item_detail - カテゴリ:Amazonデバイス・アクセサリ > 商品名:【新型】Echo Show 10 (エコーショー10) 第3世代 - モーション機能付きスマートディスプレイ… > カラム:deliveryの取得に失敗しました。error:'bool' object has no attribute 'text'
2021-04-20 01:19:57,900 - INFO - scraping.py - __main__ - _get_item_detail - カテゴリ:Amazonデバイス・アクセサリ > 商品名:【新型】Echo Show 10 (エコーショー10) 第3世代 - モーション機能付きスマートディスプレイ… > カラム:deliveryの取得に失敗しました。error:'bool' object has no attribute 'text'
2021-04-20 01:20:01,137 - INFO - scraping.py - __main__ - _get_item_detail - カテゴリ:Amazonデバイス・アクセサリ > 商品名:【Echo Show 5 用】 Digio2 液晶保護フィルム 高精細 反射防止 気泡レス加工 2枚入り > カラム:deliveryの取得に失敗しました。error:'bool' object has no attribute 'text'
2021-04-20 01:20:05,256 - INFO - scraping.py - __main__ - _get_item_detail - カテゴリ:Amazonデバイス・アクセサリ > 商品名:Echo Show 8 (エコーショー8) HDスマートディスプレイ with Alexa、サンドストーン > カラム:deliveryの取得に失敗しました。error:'bool' object has no attribute 'text'
2021-04-20 01:20:09,145 - INFO - scraping.py - __main__ - _get_item_detail - カテゴリ:Amazonデバイス・アクセサリ > 商品名:Echo Dot (エコードット)第3世代 - スマートスピーカー with Alexa、ヘザーグレー > カラム:deliveryの取得に失敗しました。error:'bool' object has no attribute 'text'
2021-04-20 01:20:13,131 - INFO - scraping.py - __main__ - _get_item_detail - カテゴリ:Amazonデバイス・アクセサリ > 商品名:Kindle Paperwhite 防水機能搭載 wifi+4G 32GB ブラック 電子書籍リーダー > カラム:deliveryの取得に失敗しました。error:'bool' object has no attribute 'text'
2021-04-20 01:20:17,223 - INFO - scraping.py - __main__ - _get_item_detail - カテゴリ:Amazonデバイス・アクセサリ > 商品名:Fire HD 8 タブレット ブルー (8インチHDディスプレイ) 32GB > カラム:deliveryの取得に失敗しました。error:'bool' object has no attribute 'text'
2021-04-20 01:20:20,904 - INFO - scraping.py - __main__ - _get_item_detail - カテゴリ:Amazonデバイス・アクセサリ > 商品名:【Echo Show 8 用】 Amazon純正 角度調節スタンド ブラック > カラム:deliveryの取得に失敗しました。error:'bool' object has no attribute 'text'
2021-04-20 01:20:24,586 - INFO - scraping.py - __main__ - _get_item_detail - カテゴリ:Amazonデバイス・アクセサリ > 商品名:Kindle フロントライト搭載 Wi-Fi 8GB ブラック 広告つき 電子書籍リーダー > カラム:deliveryの取得に失敗しました。error:'bool' object has no attribute 'text'
2021-04-20 01:20:28,465 - INFO - scraping.py - __main__ - _get_item_detail - カテゴリ:Amazonデバイス・アクセサリ > 商品名:Kindle Paperwhite 防水機能搭載 wifi 8GB ブラック 電子書籍リーダー + Kindle Unlimited（3ヵ… > カラム:deliveryの取得に失敗しました。error:'bool' object has no attribute 'text'
2021-04-20 01:20:28,477 - INFO - scraping.py - __main__ - _get_item_detail - カテゴリ:Amazonデバイス・アクセサリ > 商品名:Kindle Paperwhite 防水機能搭載 wifi 8GB ブラック 電子書籍リーダー + Kindle Unlimited（3ヵ… > カラム:deliveryの取得に失敗しました。error:'bool' object has no attribute 'text'
2021-04-20 01:20:31,745 - INFO - scraping.py - __main__ - _get_item_detail - カテゴリ:Amazonデバイス・アクセサリ > 商品名:Fire HD 10 タブレット ブラック 64GB 【純正キッズカバー (ピンク) 付き】 > カラム:priceの取得に失敗しました。error:'bool' object has no attribute 'text'
2021-04-20 01:20:31,815 - INFO - scraping.py - __main__ - _get_item_detail - カテゴリ:Amazonデバイス・アクセサリ > 商品名:Fire HD 10 タブレット ブラック 64GB 【純正キッズカバー (ピンク) 付き】 > カラム:deliveryの取得に失敗しました。error:'bool' object has no attribute 'text'
2021-04-20 01:20:34,982 - INFO - scraping.py - __main__ - _get_item_detail - カテゴリ:Amazonデバイス・アクセサリ > 商品名:【Fire 7(第7世代, 第9世代)専用保護フィルム】 Digio2 液晶保護フィルム 高精細 反射防止 気泡… > カラム:deliveryの取得に失敗しました。error:'bool' object has no attribute 'text'
2021-04-20 01:20:38,101 - INFO - scraping.py - __main__ - _get_item_detail - カテゴリ:Amazonデバイス・アクセサリ > 商品名:Amazon 5W USB 充電器 > カラム:deliveryの取得に失敗しました。error:'bool' object has no attribute 'text'
2021-04-20 01:20:43,178 - INFO - scraping.py - __main__ - _get_item_detail - カテゴリ:Amazonデバイス・アクセサリ > 商品名:Fire TV Cube - 4K・HDR対応、Alexa対応音声認識リモコン付属 | ストリーミングメディアプレー… > カラム:deliveryの取得に失敗しました。error:'bool' object has no attribute 'text'
2021-04-20 01:20:47,308 - INFO - scraping.py - __main__ - _get_item_detail - カテゴリ:Amazonデバイス・アクセサリ > 商品名:【セット買い】Echo Dot (第4世代) 時計付き グレーシャーホワイト + スイッチボット Hub Mini… > カラム:deliveryの取得に失敗しました。error:'bool' object has no attribute 'text'
2021-04-20 01:20:51,101 - INFO - scraping.py - __main__ - _get_item_detail - カテゴリ:Amazonデバイス・アクセサリ > 商品名:Kindle Paperwhite 防水機能搭載 wifi 32GB ブラック 電子書籍リーダー + Kindle Unlimited（3… > カラム:deliveryの取得に失敗しました。error:'bool' object has no attribute 'text'
2021-04-20 01:20:51,113 - INFO - scraping.py - __main__ - _get_item_detail - カテゴリ:Amazonデバイス・アクセサリ > 商品名:Kindle Paperwhite 防水機能搭載 wifi 32GB ブラック 電子書籍リーダー + Kindle Unlimited（3… > カラム:deliveryの取得に失敗しました。error:'bool' object has no attribute 'text'
2021-04-20 01:20:54,511 - INFO - scraping.py - __main__ - _get_item_detail - カテゴリ:Amazonデバイス・アクセサリ > 商品名:【Echo Show 8 用】 Digio2 液晶保護フィルム 高精細 反射防止 2枚入り > カラム:deliveryの取得に失敗しました。error:'bool' object has no attribute 'text'
2021-04-20 01:20:58,608 - INFO - scraping.py - __main__ - _get_item_detail - カテゴリ:Amazonデバイス・アクセサリ > 商品名:Echo Dot (エコードット) 第4世代 - スマートスピーカー with Alexa、トワイライトブルー > カラム:deliveryの取得に失敗しました。error:'bool' object has no attribute 'text'
2021-04-20 01:21:02,022 - INFO - scraping.py - __main__ - _get_item_detail - カテゴリ:Amazonデバイス・アクセサリ > 商品名:【Echo Show 8 用】 Amazon純正 角度調節スタンド ホワイト > カラム:deliveryの取得に失敗しました。error:'bool' object has no attribute 'text'
2021-04-20 01:21:05,156 - INFO - scraping.py - __main__ - _get_item_detail - カテゴリ:Amazonデバイス・アクセサリ > 商品名:Fire TV Stick (第2世代) 用 延長保証プラン (2年) > カラム:priceの取得に失敗しました。error:'bool' object has no attribute 'text'
2021-04-20 01:21:05,194 - INFO - scraping.py - __main__ - _get_item_detail - カテゴリ:Amazonデバイス・アクセサリ > 商品名:Fire TV Stick (第2世代) 用 延長保証プラン (2年) > カラム:deliveryの取得に失敗しました。error:'bool' object has no attribute 'text'
2021-04-20 01:21:05,200 - INFO - scraping.py - __main__ - _get_item_detail - カテゴリ:Amazonデバイス・アクセサリ > 商品名:Fire TV Stick (第2世代) 用 延長保証プラン (2年) > カラム:deliveryの取得に失敗しました。error:'bool' object has no attribute 'text'
2021-04-20 01:21:10,652 - INFO - scraping.py - __main__ - _get_item_detail - カテゴリ:Amazonデバイス・アクセサリ > 商品名:Echo (エコー) 第4世代 - スマートスピーカーwith Alexa - プレミアムサウンド&スマートホームハ… > カラム:deliveryの取得に失敗しました。error:'bool' object has no attribute 'text'
2021-04-20 01:21:13,927 - INFO - scraping.py - __main__ - _get_item_detail - カテゴリ:Amazonデバイス・アクセサリ > 商品名:Amazon Kindle 1.5m マイクロUSBケーブル、黒 > カラム:deliveryの取得に失敗しました。error:'bool' object has no attribute 'text'
2021-04-20 01:21:17,800 - INFO - scraping.py - __main__ - _get_item_detail - カテゴリ:Amazonデバイス・アクセサリ > 商品名:【セット買い】Echo Dot (第4世代) グレーシャーホワイト + スイッチボット Hub Mini スマート… > カラム:deliveryの取得に失敗しました。error:'bool' object has no attribute 'text'
2021-04-20 01:21:21,171 - INFO - scraping.py - __main__ - _get_item_detail - カテゴリ:Amazonデバイス・アクセサリ > 商品名:(10年保証) サンディスク microSDカード 64GB SDカードアダプタ付き 【Made for Amazon認… > カラム:deliveryの取得に失敗しました。error:'bool' object has no attribute 'text'
2021-04-20 01:21:24,578 - INFO - scraping.py - __main__ - _get_item_detail - カテゴリ:Amazonデバイス・アクセサリ > 商品名:Kindle (第10世代)用 Digio2 液晶保護フィルム フッ素コーティング 反射防止 抗菌 気泡レス加工 2… > カラム:deliveryの取得に失敗しました。error:'bool' object has no attribute 'text'
2021-04-20 01:21:28,697 - INFO - scraping.py - __main__ - _get_item_detail - カテゴリ:Amazonデバイス・アクセサリ > 商品名:Fire HD 8 Plus タブレット 32GB 【ワイヤレス充電スタンド付き】 > カラム:deliveryの取得に失敗しました。error:'bool' object has no attribute 'text'
2021-04-20 01:21:32,228 - INFO - scraping.py - __main__ - _get_item_detail - カテゴリ:Amazonデバイス・アクセサリ > 商品名:Kindle Paperwhite wifi 32GB 電子書籍リーダー (純正カバー ファブリック チャコールブラック… > カラム:deliveryの取得に失敗しました。error:'bool' object has no attribute 'text'
2021-04-20 01:21:37,362 - INFO - scraping.py - __main__ - _get_item_detail - カテゴリ:Amazonデバイス・アクセサリ > 商品名:Echo Studio (エコースタジオ)Hi-Fiスマートスピーカーwith 3Dオーディオ&Alexa > カラム:deliveryの取得に失敗しました。error:'bool' object has no attribute 'text'
2021-04-20 01:21:40,854 - INFO - scraping.py - __main__ - _get_item_detail - カテゴリ:Amazonデバイス・アクセサリ > 商品名:Fire HD 8 Plus タブレット 64GB 【ワイヤレス充電スタンド付き】 > カラム:deliveryの取得に失敗しました。error:'bool' object has no attribute 'text'
2021-04-20 01:21:44,355 - INFO - scraping.py - __main__ - _get_item_detail - カテゴリ:Amazonデバイス・アクセサリ > 商品名:Kindle Oasis 色調調節ライト搭載 wifi 32GB 電子書籍リーダー + Kindle Unlimited（3ヵ月分。以… > カラム:deliveryの取得に失敗しました。error:'bool' object has no attribute 'text'
2021-04-20 01:21:50,585 - INFO - scraping.py - __main__ - _get_item_detail - カテゴリ:Amazonデバイス・アクセサリ > 商品名:【セット買い】Echo Dot 第3世代 チャコール + スイッチボット スマートホーム 学習リモコン Hub… > カラム:deliveryの取得に失敗しました。error:'bool' object has no attribute 'text'
2021-04-20 01:21:54,349 - INFO - scraping.py - __main__ - _get_item_detail - カテゴリ:Amazonデバイス・アクセサリ > 商品名:【Fire HD 8, Fire HD 8 Plus用】 Amazon純正 カバー (2020年発売 第10世代) トワイライトブルー > カラム:deliveryの取得に失敗しました。error:'bool' object has no attribute 'text'
2021-04-20 01:21:58,333 - INFO - scraping.py - __main__ - _get_item_detail - カテゴリ:Amazonデバイス・アクセサリ > 商品名:Kindle Paperwhite 防水機能搭載 wifi 32GB ブラック 広告つき 電子書籍リーダー > カラム:deliveryの取得に失敗しました。error:'bool' object has no attribute 'text'
2021-04-20 01:22:02,479 - INFO - scraping.py - __main__ - _get_item_detail - カテゴリ:Amazonデバイス・アクセサリ > 商品名:Echo (エコー) 第4世代 - スマートスピーカーwith Alexa - プレミアムサウンド&スマートホームハ… > カラム:deliveryの取得に失敗しました。error:'bool' object has no attribute 'text'
2021-04-20 01:22:05,708 - INFO - scraping.py - __main__ - _get_item_detail - カテゴリ:Amazonデバイス・アクセサリ > 商品名:Fire HD 10 タブレット ホワイト (10インチHDディスプレイ) 32GB > カラム:priceの取得に失敗しました。error:'bool' object has no attribute 'text'
2021-04-20 01:22:05,763 - INFO - scraping.py - __main__ - _get_item_detail - カテゴリ:Amazonデバイス・アクセサリ > 商品名:Fire HD 10 タブレット ホワイト (10インチHDディスプレイ) 32GB > カラム:deliveryの取得に失敗しました。error:'bool' object has no attribute 'text'
2021-04-20 01:22:09,153 - INFO - scraping.py - __main__ - _get_item_detail - カテゴリ:Amazonデバイス・アクセサリ > 商品名:【2020年発売 Echo Dot (第4世代) with clock】 延長保証・事故保証プラン (2年・落下・水濡れ… > カラム:deliveryの取得に失敗しました。error:'bool' object has no attribute 'text'
2021-04-20 01:22:12,139 - INFO - scraping.py - __main__ - _get_item_detail - カテゴリ:Amazonデバイス・アクセサリ > 商品名:【2020年発売 Fire TV Stick 第3世代用 】 延長保証プラン (3年) > カラム:deliveryの取得に失敗しました。error:'bool' object has no attribute 'text'
2021-04-20 01:22:15,922 - INFO - scraping.py - __main__ - _get_item_detail - カテゴリ:Amazonデバイス・アクセサリ > 商品名:【セット買い】Echo Show 8 サンドストーン + Amazon スマートプラグ > カラム:deliveryの取得に失敗しました。error:'bool' object has no attribute 'text'
2021-04-20 01:22:19,643 - INFO - scraping.py - __main__ - _get_item_detail - カテゴリ:Amazonデバイス・アクセサリ > 商品名:Fire HD 8 Plus タブレット スレート (8インチHDディスプレイ) 64GB > カラム:deliveryの取得に失敗しました。error:'bool' object has no attribute 'text'
2021-04-20 01:22:23,715 - INFO - scraping.py - __main__ - _get_item_detail - カテゴリ:Amazonデバイス・アクセサリ > 商品名:Amazon Kindle Paperwhite (第10世代) 用 ファブリックカバー マリンブルー > カラム:deliveryの取得に失敗しました。error:'bool' object has no attribute 'text'
2021-04-20 01:22:27,921 - INFO - scraping.py - __main__ - _get_item_detail - カテゴリ:Amazonデバイス・アクセサリ > 商品名:Fire HD 8 タブレット ブラック (8インチHDディスプレイ) 64GB > カラム:deliveryの取得に失敗しました。error:'bool' object has no attribute 'text'
2021-04-20 01:22:31,754 - INFO - scraping.py - __main__ - _get_item_detail - カテゴリ:Amazonデバイス・アクセサリ > 商品名:Fire HD 8 タブレット ブルー (8インチHDディスプレイ) 64GB > カラム:deliveryの取得に失敗しました。error:'bool' object has no attribute 'text'
2021-04-20 01:22:35,328 - INFO - scraping.py - __main__ - _get_item_detail - カテゴリ:Amazonデバイス・アクセサリ > 商品名:【Fire7 2019年発売 第9世代用】 Amazon純正 カバー (チャコールブラック) > カラム:deliveryの取得に失敗しました。error:'bool' object has no attribute 'text'
2021-04-20 01:22:38,699 - INFO - scraping.py - __main__ - _get_item_detail - カテゴリ:Amazonデバイス・アクセサリ > 商品名:【Echo Show 8 用】 延長保証・事故保証プラン (2年・落下・水濡れ等の保証付き) > カラム:deliveryの取得に失敗しました。error:'bool' object has no attribute 'text'
2021-04-20 01:22:42,903 - INFO - scraping.py - __main__ - _get_item_detail - カテゴリ:Amazonデバイス・アクセサリ > 商品名:Echo Show 5 (エコーショー5) スクリーン付きスマートスピーカー with Alexa、チャコール + ス… > カラム:deliveryの取得に失敗しました。error:'bool' object has no attribute 'text'
2021-04-20 01:22:46,922 - INFO - scraping.py - __main__ - _get_item_detail - カテゴリ:Amazonデバイス・アクセサリ > 商品名:Kindle Paperwhite 防水機能搭載 wifi 32GB トワイライトブルー 広告つき 電子書籍リーダー > カラム:deliveryの取得に失敗しました。error:'bool' object has no attribute 'text'
2021-04-20 01:22:50,814 - INFO - scraping.py - __main__ - _get_item_detail - カテゴリ:Amazonデバイス・アクセサリ > 商品名:Fire HD 8 タブレット ホワイト (8インチHDディスプレイ) 64GB > カラム:deliveryの取得に失敗しました。error:'bool' object has no attribute 'text'
2021-04-20 01:22:54,370 - INFO - scraping.py - __main__ - _get_item_detail - カテゴリ:Amazonデバイス・アクセサリ > 商品名:Kindle フロントライト搭載 Wi-Fi 8GB ホワイト 広告つき 電子書籍リーダー > カラム:deliveryの取得に失敗しました。error:'bool' object has no attribute 'text'
2021-04-20 01:22:57,536 - INFO - scraping.py - __main__ - _get_item_detail - カテゴリ:Amazonデバイス・アクセサリ > 商品名:【 Kindle Oasis (第9世代、第10世代)用】 Amazon純正 ファブリックカバー マリンブルー > カラム:deliveryの取得に失敗しました。error:'bool' object has no attribute 'text'
2021-04-20 01:23:02,067 - INFO - scraping.py - __main__ - _get_item_detail - カテゴリ:Amazonデバイス・アクセサリ > 商品名:【セット買い】Echo Dot (第4世代) 時計付き トワイライトブルー + スイッチボット Hub Mini ス… > カラム:deliveryの取得に失敗しました。error:'bool' object has no attribute 'text'
2021-04-20 01:23:05,307 - INFO - scraping.py - __main__ - _get_item_detail - カテゴリ:Amazonデバイス・アクセサリ > 商品名:【Fire HD 10 2019年発売 第9世代用】 延長保証・事故保証プラン (3年・落下・水濡れ等の保… > カラム:deliveryの取得に失敗しました。error:'bool' object has no attribute 'text'
2021-04-20 01:23:09,549 - INFO - scraping.py - __main__ - _get_item_detail - カテゴリ:Amazonデバイス・アクセサリ > 商品名:Kindle Paperwhite 防水機能搭載 wifi 8GB トワイライトブルー 広告つき 電子書籍リーダー > カラム:deliveryの取得に失敗しました。error:'bool' object has no attribute 'text'
2021-04-20 01:23:13,349 - INFO - scraping.py - __main__ - _get_item_detail - カテゴリ:Amazonデバイス・アクセサリ > 商品名:Amazon Kindle Paperwhite (第10世代) 用 ファブリックカバー カナリアイエロー > カラム:deliveryの取得に失敗しました。error:'bool' object has no attribute 'text'
2021-04-20 01:23:17,039 - INFO - scraping.py - __main__ - _get_item_detail - カテゴリ:Amazonデバイス・アクセサリ > 商品名:Fire 7 タブレット (7インチディスプレイ) 32GB > カラム:deliveryの取得に失敗しました。error:'bool' object has no attribute 'text'
